\BOOKMARK [0][-]{chapter*.3}{Lista de Figuras}{}% 1
\BOOKMARK [0][-]{chapter*.4}{Lista de Tabelas}{}% 2
\BOOKMARK [0][-]{chapter*.5}{Lista de Abreviaturas}{}% 3
\BOOKMARK [0][-]{chapter.1}{Introdu\347\343o}{}% 4
\BOOKMARK [1][-]{section.1.1}{Motiva\347\343o}{chapter.1}% 5
\BOOKMARK [1][-]{section.1.2}{Objetivo}{chapter.1}% 6
\BOOKMARK [2][-]{subsection.1.2.1}{Metodologia}{section.1.2}% 7
\BOOKMARK [0][-]{chapter.2}{Implementa\347\343o do Sistema}{}% 8
\BOOKMARK [1][-]{section.2.1}{C\341lculo dos Canais Dispon\355veis}{chapter.2}% 9
\BOOKMARK [1][-]{section.2.2}{Extens\343o dos modelos}{chapter.2}% 10
\BOOKMARK [2][-]{subsection.2.2.1}{Longley-Rice}{section.2.2}% 11
\BOOKMARK [1][-]{section.2.3}{Tecnologias Utilizadas}{chapter.2}% 12
\BOOKMARK [1][-]{section.2.4}{Banco de Dados}{chapter.2}% 13
\BOOKMARK [2][-]{subsection.2.4.1}{Obten\347\343o dos dados}{section.2.4}% 14
\BOOKMARK [2][-]{subsection.2.4.2}{Confiabilidade dos Dados}{section.2.4}% 15
\BOOKMARK [2][-]{subsection.2.4.3}{Base de Dados}{section.2.4}% 16
\BOOKMARK [1][-]{section.2.5}{Web Service}{chapter.2}% 17
\BOOKMARK [2][-]{subsection.2.5.1}{REST}{section.2.5}% 18
\BOOKMARK [2][-]{subsection.2.5.2}{Classes}{section.2.5}% 19
\BOOKMARK [2][-]{subsection.2.5.3}{API}{section.2.5}% 20
\BOOKMARK [0][-]{chapter.3}{Extens\343o das funcionalidades}{}% 21
\BOOKMARK [1][-]{section.3.1}{Frontend }{chapter.3}% 22
\BOOKMARK [2][-]{subsection.3.1.1}{HTML}{section.3.1}% 23
\BOOKMARK [2][-]{subsection.3.1.2}{JavaScript}{section.3.1}% 24
\BOOKMARK [2][-]{subsection.3.1.3}{CSS}{section.3.1}% 25
\BOOKMARK [2][-]{subsection.3.1.4}{Implementa\347\343o}{section.3.1}% 26
\BOOKMARK [0][-]{chapter*.19}{Refer\352ncias Bibliogr\341ficas}{}% 27
